#
# There is insufficient memory for the Java Runtime Environment to continue.
# Native memory allocation (malloc) failed to allocate 1048576 bytes for AllocateHeap
# Possible reasons:
#   The system is out of physical RAM or swap space
#   The process is running with CompressedOops enabled, and the Java Heap may be blocking the growth of the native heap
# Possible solutions:
#   Reduce memory load on the system
#   Increase physical memory or swap space
#   Check if swap backing store is full
#   Decrease Java heap size (-Xmx/-Xms)
#   Decrease number of Java threads
#   Decrease Java thread stack sizes (-Xss)
#   Set larger code cache with -XX:ReservedCodeCacheSize=
#   JVM is running with Zero Based Compressed Oops mode in which the Java heap is
#     placed in the first 32GB address space. The Java Heap base address is the
#     maximum limit for the native heap growth. Please use -XX:HeapBaseMinAddress
#     to set the Java Heap base and to place the Java Heap above 32GB virtual address.
# This output file may be truncated or incomplete.
#
#  Out of Memory Error (memory/allocation.inline.hpp:61), pid=4788, tid=0x0000000000004cc0
#
# JRE version:  (8.0_202-b08) (build )
# Java VM: Java HotSpot(TM) 64-Bit Server VM (25.202-b08 mixed mode windows-amd64 compressed oops)
# Failed to write core dump. Minidumps are not enabled by default on client versions of Windows
#

---------------  T H R E A D  ---------------

Current thread (0x000000000286d800):  JavaThread "Unknown thread" [_thread_in_vm, id=19648, stack(0x0000000002530000,0x0000000002630000)]

Stack: [0x0000000002530000,0x0000000002630000]
[error occurred during error reporting (printing stack bounds), id 0xc0000005]

Native frames: (J=compiled Java code, j=interpreted, Vv=VM code, C=native code)


---------------  P R O C E S S  ---------------

Java Threads: ( => current thread )

Other Threads:

=>0x000000000286d800 (exited) JavaThread "Unknown thread" [_thread_in_vm, id=19648, stack(0x0000000002530000,0x0000000002630000)]

VM state:not at safepoint (normal execution)

VM Mutex/Monitor currently owned by a thread: None

heap address: 0x00000006c2400000, size: 4060 MB, Compressed Oops mode: Zero based, Oop shift amount: 3
Narrow klass base: 0x0000000000000000, Narrow klass shift: 3
Compressed class space size: 1073741824 Address: 0x00000007c0000000

Heap:
 PSYoungGen      total 75776K, used 1300K [0x000000076b700000, 0x0000000770b80000, 0x00000007c0000000)
  eden space 65024K, 2% used [0x000000076b700000,0x000000076b8451f8,0x000000076f680000)
  from space 10752K, 0% used [0x0000000770100000,0x0000000770100000,0x0000000770b80000)
  to   space 10752K, 0% used [0x000000076f680000,0x000000076f680000,0x0000000770100000)
 ParOldGen       total 173568K, used 0K [0x00000006c2400000, 0x00000006ccd80000, 0x000000076b700000)
  object space 173568K, 0% used [0x00000006c2400000,0x00000006c2400000,0x00000006ccd80000)
 Metaspace       used 775K, capacity 4480K, committed 4480K, reserved 1056768K
  class space    used 76K, capacity 384K, committed 384K, reserved 1048576K

Card table byte_map: [0x0000000011c30000,0x0000000012420000] byte_map_base: 0x000000000e61e000

Marking Bits: (ParMarkBitMap*) 0x000000006a855ce0
 Begin Bits: [0x0000000012d70000, 0x0000000016ce0000)
 End Bits:   [0x0000000016ce0000, 0x000000001ac50000)

Polling page: 0x0000000000a70000

CodeCache: size=245760Kb used=328Kb max_used=328Kb free=245431Kb
 bounds [0x0000000002870000, 0x0000000002ae0000, 0x0000000011870000]
 total_blobs=58 nmethods=0 adapters=38
 compilation: enabled

Compilation events (0 events):
No events

GC Heap History (0 events):
No events

Deoptimization events (0 events):
No events

Classes redefined (0 events):
No events

Internal exceptions (0 events):
No events

Events (10 events):
Event: 0.044 loading class java/lang/Short
Event: 0.044 loading class java/lang/Short done
Event: 0.044 loading class java/lang/Integer
Event: 0.044 loading class java/lang/Integer done
Event: 0.044 loading class java/lang/Long
Event: 0.044 loading class java/lang/Long done
Event: 0.046 loading class java/lang/NullPointerException
Event: 0.046 loading class java/lang/NullPointerException done
Event: 0.046 loading class java/lang/ArithmeticException
Event: 0.046 loading class java/lang/ArithmeticException done


Dynamic libraries:
0x00007ff7d09d0000 - 0x00007ff7d0a07000 	C:\Java\jdk8\bin\javaw.exe
0x00007ff948230000 - 0x00007ff948428000 	C:\Windows\SYSTEM32\ntdll.dll
0x00007ff947150000 - 0x00007ff94720d000 	C:\Windows\System32\KERNEL32.DLL
0x00007ff945f20000 - 0x00007ff9461ee000 	C:\Windows\System32\KERNELBASE.dll
0x00007ff947210000 - 0x00007ff9472be000 	C:\Windows\System32\ADVAPI32.dll
0x00007ff947360000 - 0x00007ff9473fe000 	C:\Windows\System32\msvcrt.dll
0x00007ff947ee0000 - 0x00007ff947f7c000 	C:\Windows\System32\sechost.dll
0x00007ff947ce0000 - 0x00007ff947e05000 	C:\Windows\System32\RPCRT4.dll
0x00007ff9466e0000 - 0x00007ff946880000 	C:\Windows\System32\USER32.dll
0x00007ff945ef0000 - 0x00007ff945f12000 	C:\Windows\System32\win32u.dll
0x00007ff946ff0000 - 0x00007ff94701a000 	C:\Windows\System32\GDI32.dll
0x00007ff945c90000 - 0x00007ff945d9b000 	C:\Windows\System32\gdi32full.dll
0x00007ff9461f0000 - 0x00007ff94628d000 	C:\Windows\System32\msvcp_win.dll
0x00007ff945ab0000 - 0x00007ff945bb0000 	C:\Windows\System32\ucrtbase.dll
0x00007ff9333b0000 - 0x00007ff93364a000 	C:\Windows\WinSxS\amd64_microsoft.windows.common-controls_6595b64144ccf1df_6.0.19041.1110_none_60b5254171f9507e\COMCTL32.dll
0x00007ff946290000 - 0x00007ff9462c0000 	C:\Windows\System32\IMM32.DLL
0x000000006ab90000 - 0x000000006ac62000 	C:\Java\jdk8\jre\bin\msvcr100.dll
0x000000006a030000 - 0x000000006a8d5000 	C:\Java\jdk8\jre\bin\server\jvm.dll
0x00007ff946890000 - 0x00007ff946898000 	C:\Windows\System32\PSAPI.DLL
0x00007ff934480000 - 0x00007ff934489000 	C:\Windows\SYSTEM32\WSOCK32.dll
0x00007ff948030000 - 0x00007ff94809b000 	C:\Windows\System32\WS2_32.dll
0x00007ff9408a0000 - 0x00007ff9408c7000 	C:\Windows\SYSTEM32\WINMM.dll
0x00007ff93fa80000 - 0x00007ff93fa8a000 	C:\Windows\SYSTEM32\VERSION.dll
0x00007ff92f4d0000 - 0x00007ff92f4df000 	C:\Java\jdk8\jre\bin\verify.dll
0x00007ff91f650000 - 0x00007ff91f679000 	C:\Java\jdk8\jre\bin\java.dll
0x00007ff920230000 - 0x00007ff920246000 	C:\Java\jdk8\jre\bin\zip.dll

VM Arguments:
jvm_args: -Dfile.encoding=UTF-8 
java_command: calculator.book.Calculator
java_class_path (initial): C:\workspace\MyCalculator\bin
Launcher Type: SUN_STANDARD

Environment Variables:
PATH=C:/Users/nickm/.p2/pool/plugins/org.eclipse.justj.openjdk.hotspot.jre.full.win32.x86_64_17.0.3.v20220515-1416/jre/bin/server;C:/Users/nickm/.p2/pool/plugins/org.eclipse.justj.openjdk.hotspot.jre.full.win32.x86_64_17.0.3.v20220515-1416/jre/bin;C:\Program Files (x86)\Common Files\Oracle\Java\javapath;C:\Windows\system32;C:\Windows;C:\Windows\System32\Wbem;C:\Windows\System32\WindowsPowerShell\v1.0\;C:\Windows\System32\OpenSSH\;C:\ProgramData\chocolatey\bin;C:\Program Files\dotnet\;C:\Program Files (x86)\dotnet\;C:\Program Files (x86)\GitExtensions\;C:\Program Files\PostgreSQL\14\bin;C:\Program Files\Git\cmd;C:\Users\nickm\AppData\Local\Programs\Python\Python310\Scripts\;C:\Users\nickm\AppData\Local\Programs\Python\Python310\;C:\Users\nickm\AppData\Local\Microsoft\WindowsApps;C:\Users\nickm\AppData\Local\Programs\Microsoft VS Code\bin;C:\Program Files\kdiff3;;C:\Windows\system32;
USERNAME=nickm
OS=Windows_NT
PROCESSOR_IDENTIFIER=Intel64 Family 6 Model 78 Stepping 3, GenuineIntel



---------------  S Y S T E M  ---------------

OS: Windows 10.0 , 64 bit Build 19041 (10.0.19041.1889)

CPU:total 4 (initial active 4) (2 cores per cpu, 2 threads per core) family 6 model 78 stepping 3, cmov, cx8, fxsr, mmx, sse, sse2, sse3, ssse3, sse4.1, sse4.2, popcnt, avx, avx2, aes, clmul, erms, rtm, 3dnowpref, lzcnt, ht, tsc, tscinvbit, bmi1, bmi2, adx

Memory: 4k page, physical 16629236k(6547232k free), swap 32291056k(5468k free)

vm_info: Java HotSpot(TM) 64-Bit Server VM (25.202-b08) for windows-amd64 JRE (1.8.0_202-b08), built on Dec 15 2018 19:54:30 by "java_re" with MS VC++ 10.0 (VS2010)

time: Mon Aug 22 15:42:20 2022
timezone: Финляндия (лето)
elapsed time: 0 seconds (0d 0h 0m 0s)

